<?xml version="1.0" encoding="UTF-8"?>
<!-- Generated by org.testng.reporters.JUnitReportReporter -->
<testsuite skipped="0" hostname="DESKTOP-TM4S8S0" name="com.radicocrm.forecastmodule.CreateNewForeCasts" tests="1" failures="0" timestamp="2021-11-12T15:07:41 IST" time="9.565" errors="0">
  <testcase name="SigninPage" time="9.565" classname="com.radicocrm.forecastmodule.CreateNewForeCasts"/>
</testsuite> <!-- com.radicocrm.forecastmodule.CreateNewForeCasts -->
