<?xml version="1.0" encoding="UTF-8"?>
<!-- Generated by org.testng.reporters.JUnitReportReporter -->
<testsuite skipped="0" hostname="DESKTOP-TM4S8S0" name="com.radico.products.CreateProductsTest" tests="1" failures="0" timestamp="2021-11-12T11:16:52 IST" time="0.009" errors="0">
  <testcase name="createProducts" time="0.009" classname="com.radico.products.CreateProductsTest"/>
</testsuite> <!-- com.radico.products.CreateProductsTest -->
